0 info it worked if it ends with ok
1 verbose cli [ '/home/solfieri/.nvm/versions/node/v5.12.0/bin/node',
1 verbose cli   '/home/solfieri/.nvm/versions/node/v5.12.0/bin/npm',
1 verbose cli   'run',
1 verbose cli   'dev' ]
2 info using npm@3.8.6
3 info using node@v5.12.0
4 verbose run-script [ 'predev', 'dev', 'postdev' ]
5 info lifecycle async-programming-promises@1.0.0~predev: async-programming-promises@1.0.0
6 silly lifecycle async-programming-promises@1.0.0~predev: no script for predev, continuing
7 info lifecycle async-programming-promises@1.0.0~dev: async-programming-promises@1.0.0
8 verbose lifecycle async-programming-promises@1.0.0~dev: unsafe-perm in lifecycle true
9 verbose lifecycle async-programming-promises@1.0.0~dev: PATH: /home/solfieri/.nvm/versions/node/v5.12.0/lib/node_modules/npm/bin/node-gyp-bin:/home/solfieri/Documents/projetos/personal/async-programming-promises/node_modules/.bin:/home/solfieri/.nvm/versions/node/v5.12.0/bin:/home/solfieri/.local/bin:/home/solfieri/bin:/home/solfieri/.nvm/versions/node/v5.12.0/bin:/home/solfieri/.local/bin:/home/solfieri/bin:/home/solfieri/.rvm/gems/ruby-2.5.8/bin:/home/solfieri/.rvm/gems/ruby-2.5.8@global/bin:/usr/share/rvm/rubies/ruby-2.5.8/bin:/usr/local/sbin:/usr/local/bin:/usr/sbin:/usr/bin:/sbin:/bin:/usr/games:/usr/local/games:/snap/bin:/usr/share/rvm/bin
10 verbose lifecycle async-programming-promises@1.0.0~dev: CWD: /home/solfieri/Documents/projetos/personal/async-programming-promises
11 silly lifecycle async-programming-promises@1.0.0~dev: Args: [ '-c', 'nodemon ./index.js' ]
12 silly lifecycle async-programming-promises@1.0.0~dev: Returned: code: 1  signal: null
13 info lifecycle async-programming-promises@1.0.0~dev: Failed to exec dev script
14 verbose stack Error: async-programming-promises@1.0.0 dev: `nodemon ./index.js`
14 verbose stack Exit status 1
14 verbose stack     at EventEmitter.<anonymous> (/home/solfieri/.nvm/versions/node/v5.12.0/lib/node_modules/npm/lib/utils/lifecycle.js:239:16)
14 verbose stack     at emitTwo (events.js:100:13)
14 verbose stack     at EventEmitter.emit (events.js:185:7)
14 verbose stack     at ChildProcess.<anonymous> (/home/solfieri/.nvm/versions/node/v5.12.0/lib/node_modules/npm/lib/utils/spawn.js:24:14)
14 verbose stack     at emitTwo (events.js:100:13)
14 verbose stack     at ChildProcess.emit (events.js:185:7)
14 verbose stack     at maybeClose (internal/child_process.js:850:16)
14 verbose stack     at Process.ChildProcess._handle.onexit (internal/child_process.js:215:5)
15 verbose pkgid async-programming-promises@1.0.0
16 verbose cwd /home/solfieri/Documents/projetos/personal/async-programming-promises
17 error Linux 5.13.0-7614-generic
18 error argv "/home/solfieri/.nvm/versions/node/v5.12.0/bin/node" "/home/solfieri/.nvm/versions/node/v5.12.0/bin/npm" "run" "dev"
19 error node v5.12.0
20 error npm  v3.8.6
21 error code ELIFECYCLE
22 error async-programming-promises@1.0.0 dev: `nodemon ./index.js`
22 error Exit status 1
23 error Failed at the async-programming-promises@1.0.0 dev script 'nodemon ./index.js'.
23 error Make sure you have the latest version of node.js and npm installed.
23 error If you do, this is most likely a problem with the async-programming-promises package,
23 error not with npm itself.
23 error Tell the author that this fails on your system:
23 error     nodemon ./index.js
23 error You can get information on how to open an issue for this project with:
23 error     npm bugs async-programming-promises
23 error Or if that isn't available, you can get their info via:
23 error     npm owner ls async-programming-promises
23 error There is likely additional logging output above.
24 verbose exit [ 1, true ]
